<?xml version="1.0" encoding="UTF-8"?>
<!-- Generated by org.testng.reporters.JUnitReportReporter -->
<testsuite hostname="DESKTOP-EER3MNQ" failures="0" tests="2" name="com.requests.GETandPOSTRequests" time="3.320" errors="0" timestamp="2021-06-05T00:11:12 ART" skipped="0">
  <testcase classname="com.requests.GETandPOSTRequests" name="APIGetRequest" time="2.517"/>
  <system-out/>
  <testcase classname="com.requests.GETandPOSTRequests" name="APIPostRequest" time="0.803"/>
  <system-out/>
</testsuite> <!-- com.requests.GETandPOSTRequests -->
