<?xml version="1.0" encoding="UTF-8"?>
<!-- Generated by org.testng.reporters.JUnitReportReporter -->
<testsuite hostname="DESKTOP-EER3MNQ" failures="0" tests="1" name="com.regressin.request.GETRequest" time="2.527" errors="0" timestamp="2021-06-04T23:13:26 ART" skipped="0">
  <testcase classname="com.regressin.request.GETRequest" name="APIGetRequest" time="2.527"/>
  <system-out/>
</testsuite> <!-- com.regressin.request.GETRequest -->
